2018-12-14 07:50:40 [192.168.83.1][-][-][error][yii\web\HttpException:404] yii\base\InvalidRouteException: Unable to resolve the request "". in /var/www/portal/vendor/yiisoft/yii2/base/Module.php:537
Stack trace:
#0 /var/www/portal/vendor/yiisoft/yii2/web/Application.php(103): yii\base\Module->runAction('', Array)
#1 /var/www/portal/vendor/yiisoft/yii2/base/Application.php(386): yii\web\Application->handleRequest(Object(kouosl\base\components\Request))
#2 /var/www/portal/api/web/index.php(17): yii\base\Application->run()
#3 {main}

Next yii\web\NotFoundHttpException: Page not found. in /var/www/portal/vendor/yiisoft/yii2/web/Application.php:115
Stack trace:
#0 /var/www/portal/vendor/yiisoft/yii2/base/Application.php(386): yii\web\Application->handleRequest(Object(kouosl\base\components\Request))
#1 /var/www/portal/api/web/index.php(17): yii\base\Application->run()
#2 {main}
2018-12-14 07:50:39 [192.168.83.1][-][-][info][application] $_GET = []

$_POST = []

$_FILES = []

$_COOKIE = [
    '_identity-backend' => '811eb356ce8dd6f462de148b3855d471219ae739644fcdc12c90ba7623d28bbea:2:{i:0;s:17:\"_identity-backend\";i:1;s:46:\"[1,\"8dBR7JFUUWQozaGtbEeuslYusk426rjR\",2592000]\";}'
    'advanced-frontend' => 'jheioa08mpbdbfnc4cb2n0m844'
    '_csrf-frontend' => 'b98e5298bee6c585843c6403d72c5ffce8515ddd720f0d633806671b04bc9e3da:2:{i:0;s:14:\"_csrf-frontend\";i:1;s:32:\"WSQpC8ExYTrXJRozAmI67WL-pL3-VezF\";}'
]

$_SERVER = [
    'REDIRECT_STATUS' => '200'
    'HTTP_HOST' => 'portal.kouosl'
    'HTTP_CONNECTION' => 'keep-alive'
    'HTTP_UPGRADE_INSECURE_REQUESTS' => '1'
    'HTTP_USER_AGENT' => 'Mozilla/5.0 (Windows NT 10.0; Win64; x64) AppleWebKit/537.36 (KHTML, like Gecko) Chrome/70.0.3538.110 Safari/537.36'
    'HTTP_ACCEPT' => 'text/html,application/xhtml+xml,application/xml;q=0.9,image/webp,image/apng,*/*;q=0.8'
    'HTTP_ACCEPT_ENCODING' => 'gzip, deflate'
    'HTTP_ACCEPT_LANGUAGE' => 'tr-TR,tr;q=0.9,en-US;q=0.8,en;q=0.7'
    'HTTP_COOKIE' => '_identity-backend=811eb356ce8dd6f462de148b3855d471219ae739644fcdc12c90ba7623d28bbea%3A2%3A%7Bi%3A0%3Bs%3A17%3A%22_identity-backend%22%3Bi%3A1%3Bs%3A46%3A%22%5B1%2C%228dBR7JFUUWQozaGtbEeuslYusk426rjR%22%2C2592000%5D%22%3B%7D; advanced-frontend=jheioa08mpbdbfnc4cb2n0m844; _csrf-frontend=b98e5298bee6c585843c6403d72c5ffce8515ddd720f0d633806671b04bc9e3da%3A2%3A%7Bi%3A0%3Bs%3A14%3A%22_csrf-frontend%22%3Bi%3A1%3Bs%3A32%3A%22WSQpC8ExYTrXJRozAmI67WL-pL3-VezF%22%3B%7D'
    'PATH' => '/usr/local/sbin:/usr/local/bin:/usr/sbin:/usr/bin:/sbin:/bin'
    'SERVER_SIGNATURE' => '<address>Apache/2.4.18 (Ubuntu) Server at portal.kouosl Port 80</address>
'
    'SERVER_SOFTWARE' => 'Apache/2.4.18 (Ubuntu)'
    'SERVER_NAME' => 'portal.kouosl'
    'SERVER_ADDR' => '192.168.83.137'
    'SERVER_PORT' => '80'
    'REMOTE_ADDR' => '192.168.83.1'
    'DOCUMENT_ROOT' => '/var/www/portal'
    'REQUEST_SCHEME' => 'http'
    'CONTEXT_PREFIX' => ''
    'CONTEXT_DOCUMENT_ROOT' => '/var/www/portal'
    'SERVER_ADMIN' => '[no address given]'
    'SCRIPT_FILENAME' => '/var/www/portal/api/web/index.php'
    'REMOTE_PORT' => '57346'
    'REDIRECT_URL' => '/api/'
    'GATEWAY_INTERFACE' => 'CGI/1.1'
    'SERVER_PROTOCOL' => 'HTTP/1.1'
    'REQUEST_METHOD' => 'GET'
    'QUERY_STRING' => ''
    'REQUEST_URI' => '/api/'
    'SCRIPT_NAME' => '/api/web/index.php'
    'PHP_SELF' => '/api/web/index.php'
    'REQUEST_TIME_FLOAT' => 1544773839.499
    'REQUEST_TIME' => 1544773839
]
